WARNING:EDK:878 - Could not find IP doc
   http://www.xilinx.com/cgi-bin/docs/ipdoc?c=clock_generator;v=v4_03_a;d=clock_
   generator.pdf
WARNING:EDK:878 - Could not find IP doc
   http://www.xilinx.com/cgi-bin/docs/ipdoc?c=proc_sys_reset;v=v3_00_a;d=proc_sy
   s_reset.pdf
WARNING:EDK:878 - Could not find IP doc
   http://www.xilinx.com/cgi-bin/docs/ipdoc?c=axi_interconnect;v=v1_06_a;d=ds768
   _axi_interconnect.pdf
WARNING:EDK:878 - Could not find IP doc
   http://www.xilinx.com/cgi-bin/docs/ipdoc?c=axi_dma;v=v6_03_a;d=pg021_axi_dma.
   pdf
WARNING:EDK:878 - Could not find IP doc
   http://www.xilinx.com/cgi-bin/docs/ipdoc?c=axi_interconnect;v=v1_06_a;d=ds768
   _axi_interconnect.pdf
WARNING:EDK:878 - Could not find IP doc
   http://www.xilinx.com/cgi-bin/docs/ipdoc?c=axi_dma;v=v6_03_a;d=pg021_axi_dma.
   pdf
WARNING:EDK:878 - Could not find IP doc
   http://www.xilinx.com/cgi-bin/docs/ipdoc?c=axi_interconnect;v=v1_06_a;d=ds768
   _axi_interconnect.pdf
WARNING:EDK:878 - Could not find IP doc
   http://www.xilinx.com/cgi-bin/docs/ipdoc?c=axi_vdma;v=v5_04_a;d=pg020_axi_vdm
   a.pdf
WARNING:EDK:878 - Could not find IP doc
   http://www.xilinx.com/cgi-bin/docs/ipdoc?c=axi_gpio;v=v1_01_b;d=ds744_axi_gpi
   o.pdf
WARNING:EDK:878 - Could not find IP doc
   http://www.xilinx.com/cgi-bin/docs/ipdoc?c=axi_iic;v=v1_02_a;d=axi_iic_ds756.
   pdf
WARNING:EDK:878 - Could not find IP doc
   http://www.xilinx.com/cgi-bin/docs/ipdoc?c=axi_iic;v=v1_02_a;d=axi_iic_ds756.
   pdf
WARNING:EDK:878 - Could not find IP doc
   http://www.xilinx.com/cgi-bin/docs/ipdoc?c=axi_iic;v=v1_02_a;d=axi_iic_ds756.
   pdf
WARNING:EDK:878 - Could not find IP doc
   http://www.xilinx.com/cgi-bin/docs/ipdoc?c=axi_gpio;v=v1_01_b;d=ds744_axi_gpi
   o.pdf
WARNING:EDK:878 - Could not find IP doc
   http://www.xilinx.com/cgi-bin/docs/ipdoc?c=axi_interconnect;v=v1_06_a;d=ds768
   _axi_interconnect.pdf
Generated Block Diagram.
Rasterizing clock_generator_0.jpg.....
Rasterizing reset_0.jpg.....
Rasterizing processing_system7_0.jpg.....
Rasterizing axi_clkgen_0.jpg.....
Rasterizing axi_interconnect_1.jpg.....
Rasterizing axi_hdmi_tx_16b_0.jpg.....
Rasterizing axi_i2s_adi_0.jpg.....
Rasterizing axi_spdif_tx_0.jpg.....
Rasterizing axi_dma_i2s.jpg.....
Rasterizing axi_interconnect_2.jpg.....
Rasterizing axi_dma_spdif.jpg.....
Rasterizing axi_interconnect_3.jpg.....
Rasterizing axi_vdma_0.jpg.....
Rasterizing axi_gpio_i2s.jpg.....
Rasterizing axi_iic_hdmi.jpg.....
Rasterizing axi_iic_i2s.jpg.....
Rasterizing util_vector_logic_0.jpg.....
Rasterizing axi_iic_sensor.jpg.....
Rasterizing axi_gpio_0.jpg.....
Rasterizing robot_pwm_ip_0.jpg.....
Rasterizing robot_pwm_ip_1.jpg.....
Rasterizing robot_steer_ip_0.jpg.....
Rasterizing robot_steer_ip_1.jpg.....
Rasterizing axi_interconnect_4.jpg.....
Rasterizing robot_steer_ip_2.jpg.....
Rasterizing robot_steer_ip_3.jpg.....
Rasterizing robot_steer_ip_4.jpg.....
Rasterizing system_blkd.jpg.....
Report generated.
Report generation completed.
