09:20:38 **** Build of project zedfsbl_bsp ****
make -k all 
libgen -hw ../xps_proj_hw_platform/system.xml\
       -lp /home/lin/development/petalinux-v2013.10-final/components/edk_user_repository\
       -pe ps7_cortexa9_0 \
       -log libgen.log \
       system.mss
libgen
Xilinx EDK 14.7 Build EDK_P.20131013
Copyright (c) 1995-2012 Xilinx, Inc.  All rights reserved.

Command Line: libgen -hw ../xps_proj_hw_platform/system.xml -lp
/home/lin/development/petalinux-v2013.10-final/components/edk_user_repository
-pe ps7_cortexa9_0 -log libgen.log system.mss 

ERROR:EDK:410 - iicps -
   /home/lin/Develop/Xilinx_Xps/openhw_pro/xps_proj/SDK/SDK_Export/zedfsbl_bsp/s
   ystem.mss line 171 - No IP instance named ps7_i2c_0 is present in the
   hardware!
ERROR:EDK:410 - iicps -
   /home/lin/Develop/Xilinx_Xps/openhw_pro/xps_proj/SDK/SDK_Export/zedfsbl_bsp/s
   ystem.mss line 177 - No IP instance named ps7_i2c_1 is present in the
   hardware!
ERROR:EDK:1206 - Errors occured while parsing MSS file.
make: *** [ps7_cortexa9_0/lib/libxil.a] 错误 2
make: 由于错误目标“all”并未重新创建。

09:20:39 Build Finished (took 1s.783ms)

