H:\Xilinx_Xps\openhw_pro\xps_proj\implementation\system.ngc 1436451760
H:/Xilinx_Xps/openhw_pro/xps_proj/implementation/system_processing_system7_0_wrapper.ngc 1436451214
H:/Xilinx_Xps/openhw_pro/xps_proj/implementation/system_axi_i2s_adi_0_wrapper.ngc 1436451573
H:/Xilinx_Xps/openhw_pro/xps_proj/implementation/system_util_vector_logic_0_wrapper.ngc 1436451215
H:/Xilinx_Xps/openhw_pro/xps_proj/implementation/system_robot_ultrasonic_ip_0_wrapper.ngc 1436451621
H:/Xilinx_Xps/openhw_pro/xps_proj/implementation/system_axi_interconnect_1_wrapper.ngc 1436451649
H:/Xilinx_Xps/openhw_pro/xps_proj/implementation/system_axi_interconnect_4_wrapper.ngc 1436451215
H:/Xilinx_Xps/openhw_pro/xps_proj/implementation/system_axi_interconnect_2_wrapper.ngc 1436451215
H:/Xilinx_Xps/openhw_pro/xps_proj/implementation/system_axi_interconnect_3_wrapper.ngc 1436451215
H:/Xilinx_Xps/openhw_pro/xps_proj/implementation/system_axi_clkgen_0_wrapper.ngc 1436451302
H:/Xilinx_Xps/openhw_pro/xps_proj/implementation/system_clock_generator_0_wrapper.ngc 1436451638
H:/Xilinx_Xps/openhw_pro/xps_proj/implementation/system_axi_hdmi_tx_16b_0_wrapper.ngc 1436451390
H:/Xilinx_Xps/openhw_pro/xps_proj/implementation/system_axi_vdma_0_wrapper.ngc 1436451215
H:/Xilinx_Xps/openhw_pro/xps_proj/implementation/system_axi_dma_i2s_wrapper.ngc 1436451215
H:/Xilinx_Xps/openhw_pro/xps_proj/implementation/system_axi_spdif_tx_0_wrapper.ngc 1436451604
H:/Xilinx_Xps/openhw_pro/xps_proj/implementation/system_reset_0_wrapper.ngc 1436451214
H:/Xilinx_Xps/openhw_pro/xps_proj/implementation/system_axi_dma_spdif_wrapper.ngc 1436451215
H:/Xilinx_Xps/openhw_pro/xps_proj/implementation/system_axi_gpio_i2s_wrapper.ngc 1436451215
H:/Xilinx_Xps/openhw_pro/xps_proj/implementation/system_axi_iic_hdmi_wrapper.ngc 1436451215
H:/Xilinx_Xps/openhw_pro/xps_proj/implementation/system_axi_iic_i2s_wrapper.ngc 1436451215
H:/Xilinx_Xps/openhw_pro/xps_proj/implementation/system_axi_iic_sensor_wrapper.ngc 1436451215
H:/Xilinx_Xps/openhw_pro/xps_proj/implementation/system_axi_gpio_0_wrapper.ngc 1436451215
H:/Xilinx_Xps/openhw_pro/xps_proj/implementation/system_robot_pwm_ip_0_wrapper.ngc 1436451215
H:/Xilinx_Xps/openhw_pro/xps_proj/implementation/system_robot_pwm_ip_1_wrapper.ngc 1436451215
H:/Xilinx_Xps/openhw_pro/xps_proj/implementation/system_robot_steer_ip_0_wrapper.ngc 1436451215
H:/Xilinx_Xps/openhw_pro/xps_proj/implementation/system_robot_steer_ip_1_wrapper.ngc 1436451215
H:/Xilinx_Xps/openhw_pro/xps_proj/implementation/system_robot_steer_ip_2_wrapper.ngc 1436451215
H:/Xilinx_Xps/openhw_pro/xps_proj/implementation/system_robot_steer_ip_3_wrapper.ngc 1436451215
H:/Xilinx_Xps/openhw_pro/xps_proj/implementation/system_robot_steer_ip_4_wrapper.ngc 1436451215
OK
